{"D:\\Users\\User\\Desktop\\New folder\\projects_to_push\\gadget_hub\\components\\ArchitectureView.tsx": {"path":"D:\\Users\\User\\Desktop\\New folder\\projects_to_push\\gadget_hub\\components\\ArchitectureView.tsx","statementMap":{"0":{"start":{"line":2,"column":0},"end":{"line":2,"column":26}},"1":{"start":{"line":4,"column":35},"end":{"line":90,"column":1}},"2":{"start":{"line":5,"column":2},"end":{"line":89,"column":4}},"3":{"start":{"line":92,"column":0},"end":{"line":92,"column":32}}},"fnMap":{"0":{"name":"(anonymous_0)","decl":{"start":{"line":4,"column":35},"end":{"line":4,"column":38}},"loc":{"start":{"line":4,"column":40},"end":{"line":90,"column":1}}}},"branchMap":{},"s":{"0":0,"1":0,"2":0,"3":0},"f":{"0":0},"b":{}}
,"D:\\Users\\User\\Desktop\\New folder\\projects_to_push\\gadget_hub\\components\\QuotationSimulator.tsx": {"path":"D:\\Users\\User\\Desktop\\New folder\\projects_to_push\\gadget_hub\\components\\QuotationSimulator.tsx","statementMap":{"0":{"start":{"line":2,"column":0},"end":{"line":2,"column":26}},"1":{"start":{"line":9,"column":44},"end":{"line":39,"column":1}},"2":{"start":{"line":10,"column":2},"end":{"line":38,"column":4}},"3":{"start":{"line":18,"column":10},"end":{"line":18,"column":23}},"4":{"start":{"line":24,"column":18},"end":{"line":24,"column":33}},"5":{"start":{"line":41,"column":0},"end":{"line":41,"column":34}}},"fnMap":{"0":{"name":"(anonymous_0)","decl":{"start":{"line":9,"column":44},"end":{"line":9,"column":45}},"loc":{"start":{"line":9,"column":57},"end":{"line":39,"column":1}}},"1":{"name":"(anonymous_1)","decl":{"start":{"line":17,"column":18},"end":{"line":17,"column":19}},"loc":{"start":{"line":18,"column":10},"end":{"line":18,"column":23}}},"2":{"name":"(anonymous_2)","decl":{"start":{"line":23,"column":33},"end":{"line":23,"column":34}},"loc":{"start":{"line":24,"column":18},"end":{"line":24,"column":33}}}},"branchMap":{"0":{"loc":{"start":{"line":21,"column":13},"end":{"line":31,"column":null}},"type":"binary-expr","locations":[{"start":{"line":21,"column":13},"end":{"line":21,"column":24}},{"start":{"line":21,"column":28},"end":{"line":21,"column":54}},{"start":{"line":22,"column":14},"end":{"line":30,"column":null}}]},"1":{"loc":{"start":{"line":35,"column":9},"end":{"line":35,"column":102}},"type":"binary-expr","locations":[{"start":{"line":35,"column":9},"end":{"line":35,"column":26}},{"start":{"line":35,"column":30},"end":{"line":35,"column":102}}]}},"s":{"0":1,"1":1,"2":2,"3":2,"4":2,"5":1},"f":{"0":2,"1":2,"2":2},"b":{"0":[2,1,1],"1":[2,1]}}
,"D:\\Users\\User\\Desktop\\New folder\\projects_to_push\\gadget_hub\\components\\TestDashboard.tsx": {"path":"D:\\Users\\User\\Desktop\\New folder\\projects_to_push\\gadget_hub\\components\\TestDashboard.tsx","statementMap":{"0":{"start":{"line":2,"column":0},"end":{"line":2,"column":40}},"1":{"start":{"line":5,"column":32},"end":{"line":96,"column":1}},"2":{"start":{"line":6,"column":28},"end":{"line":11,"column":4}},"3":{"start":{"line":12,"column":36},"end":{"line":12,"column":51}},"4":{"start":{"line":14,"column":19},"end":{"line":37,"column":3}},"5":{"start":{"line":15,"column":4},"end":{"line":15,"column":23}},"6":{"start":{"line":18,"column":39},"end":{"line":18,"column":107}},"7":{"start":{"line":18,"column":55},"end":{"line":18,"column":105}},"8":{"start":{"line":19,"column":4},"end":{"line":19,"column":27}},"9":{"start":{"line":21,"column":4},"end":{"line":35,"column":5}},"10":{"start":{"line":21,"column":17},"end":{"line":21,"column":18}},"11":{"start":{"line":22,"column":24},"end":{"line":22,"column":34}},"12":{"start":{"line":23,"column":6},"end":{"line":23,"column":84}},"13":{"start":{"line":23,"column":35},"end":{"line":23,"column":82}},"14":{"start":{"line":24,"column":23},"end":{"line":24,"column":45}},"15":{"start":{"line":26,"column":22},"end":{"line":26,"column":41}},"16":{"start":{"line":28,"column":6},"end":{"line":33,"column":8}},"17":{"start":{"line":34,"column":6},"end":{"line":34,"column":34}},"18":{"start":{"line":36,"column":4},"end":{"line":36,"column":24}},"19":{"start":{"line":39,"column":2},"end":{"line":95,"column":4}},"20":{"start":{"line":65,"column":12},"end":{"line":65,"column":31}},"21":{"start":{"line":98,"column":0},"end":{"line":98,"column":29}}},"fnMap":{"0":{"name":"(anonymous_0)","decl":{"start":{"line":5,"column":32},"end":{"line":5,"column":35}},"loc":{"start":{"line":5,"column":37},"end":{"line":96,"column":1}}},"1":{"name":"(anonymous_1)","decl":{"start":{"line":14,"column":19},"end":{"line":14,"column":24}},"loc":{"start":{"line":14,"column":30},"end":{"line":37,"column":3}}},"2":{"name":"(anonymous_2)","decl":{"start":{"line":18,"column":49},"end":{"line":18,"column":50}},"loc":{"start":{"line":18,"column":55},"end":{"line":18,"column":105}}},"3":{"name":"(anonymous_3)","decl":{"start":{"line":23,"column":24},"end":{"line":23,"column":31}},"loc":{"start":{"line":23,"column":35},"end":{"line":23,"column":82}}},"4":{"name":"(anonymous_4)","decl":{"start":{"line":64,"column":21},"end":{"line":64,"column":25}},"loc":{"start":{"line":65,"column":12},"end":{"line":65,"column":31}}}},"branchMap":{"0":{"loc":{"start":{"line":30,"column":16},"end":{"line":30,"column":45}},"type":"cond-expr","locations":[{"start":{"line":30,"column":26},"end":{"line":30,"column":34}},{"start":{"line":30,"column":37},"end":{"line":30,"column":45}}]},"1":{"loc":{"start":{"line":31,"column":17},"end":{"line":31,"column":112}},"type":"cond-expr","locations":[{"start":{"line":31,"column":27},"end":{"line":31,"column":58}},{"start":{"line":31,"column":61},"end":{"line":31,"column":112}}]},"2":{"loc":{"start":{"line":49,"column":94},"end":{"line":49,"column":204}},"type":"cond-expr","locations":[{"start":{"line":49,"column":106},"end":{"line":49,"column":139}},{"start":{"line":49,"column":142},"end":{"line":49,"column":204}}]},"3":{"loc":{"start":{"line":51,"column":55},"end":{"line":51,"column":88}},"type":"cond-expr","locations":[{"start":{"line":51,"column":67},"end":{"line":51,"column":73}},{"start":{"line":51,"column":76},"end":{"line":51,"column":88}}]},"4":{"loc":{"start":{"line":52,"column":11},"end":{"line":52,"column":60}},"type":"cond-expr","locations":[{"start":{"line":52,"column":23},"end":{"line":52,"column":41}},{"start":{"line":52,"column":44},"end":{"line":52,"column":60}}]},"5":{"loc":{"start":{"line":67,"column":17},"end":{"line":67,"column":123}},"type":"binary-expr","locations":[{"start":{"line":67,"column":17},"end":{"line":67,"column":41}},{"start":{"line":67,"column":45},"end":{"line":67,"column":123}}]},"6":{"loc":{"start":{"line":68,"column":17},"end":{"line":68,"column":114}},"type":"binary-expr","locations":[{"start":{"line":68,"column":17},"end":{"line":68,"column":41}},{"start":{"line":68,"column":45},"end":{"line":68,"column":114}}]},"7":{"loc":{"start":{"line":69,"column":17},"end":{"line":69,"column":133}},"type":"binary-expr","locations":[{"start":{"line":69,"column":17},"end":{"line":69,"column":42}},{"start":{"line":69,"column":46},"end":{"line":69,"column":133}}]},"8":{"loc":{"start":{"line":72,"column":62},"end":{"line":72,"column":122}},"type":"cond-expr","locations":[{"start":{"line":72,"column":89},"end":{"line":72,"column":103}},{"start":{"line":72,"column":106},"end":{"line":72,"column":122}}]}},"s":{"0":0,"1":0,"2":0,"3":0,"4":0,"5":0,"6":0,"7":0,"8":0,"9":0,"10":0,"11":0,"12":0,"13":0,"14":0,"15":0,"16":0,"17":0,"18":0,"19":0,"20":0,"21":0},"f":{"0":0,"1":0,"2":0,"3":0,"4":0},"b":{"0":[0,0],"1":[0,0],"2":[0,0],"3":[0,0],"4":[0,0],"5":[0,0],"6":[0,0],"7":[0,0],"8":[0,0]}}
,"D:\\Users\\User\\Desktop\\New folder\\projects_to_push\\gadget_hub\\services\\apiService.ts": {"path":"D:\\Users\\User\\Desktop\\New folder\\projects_to_push\\gadget_hub\\services\\apiService.ts","statementMap":{"0":{"start":{"line":3,"column":21},"end":{"line":3,"column":48}},"1":{"start":{"line":10,"column":31},"end":{"line":31,"column":1}},"2":{"start":{"line":11,"column":2},"end":{"line":30,"column":3}},"3":{"start":{"line":12,"column":21},"end":{"line":18,"column":6}},"4":{"start":{"line":20,"column":4},"end":{"line":23,"column":5}},"5":{"start":{"line":21,"column":24},"end":{"line":21,"column":45}},"6":{"start":{"line":22,"column":6},"end":{"line":22,"column":89}},"7":{"start":{"line":25,"column":41},"end":{"line":25,"column":62}},"8":{"start":{"line":26,"column":4},"end":{"line":26,"column":16}},"9":{"start":{"line":28,"column":4},"end":{"line":28,"column":56}},"10":{"start":{"line":29,"column":4},"end":{"line":29,"column":16}},"11":{"start":{"line":10,"column":13},"end":{"line":10,"column":31}},"12":{"start":{"line":33,"column":26},"end":{"line":53,"column":1}},"13":{"start":{"line":34,"column":2},"end":{"line":52,"column":3}},"14":{"start":{"line":35,"column":21},"end":{"line":41,"column":6}},"15":{"start":{"line":43,"column":4},"end":{"line":46,"column":5}},"16":{"start":{"line":44,"column":24},"end":{"line":44,"column":45}},"17":{"start":{"line":45,"column":6},"end":{"line":45,"column":89}},"18":{"start":{"line":48,"column":4},"end":{"line":48,"column":33}},"19":{"start":{"line":50,"column":4},"end":{"line":50,"column":51}},"20":{"start":{"line":51,"column":4},"end":{"line":51,"column":16}},"21":{"start":{"line":33,"column":13},"end":{"line":33,"column":26}}},"fnMap":{"0":{"name":"(anonymous_0)","decl":{"start":{"line":10,"column":31},"end":{"line":10,"column":36}},"loc":{"start":{"line":10,"column":102},"end":{"line":31,"column":1}}},"1":{"name":"(anonymous_1)","decl":{"start":{"line":33,"column":26},"end":{"line":33,"column":31}},"loc":{"start":{"line":33,"column":76},"end":{"line":53,"column":1}}}},"branchMap":{"0":{"loc":{"start":{"line":20,"column":4},"end":{"line":23,"column":5}},"type":"if","locations":[{"start":{"line":20,"column":4},"end":{"line":23,"column":5}},{"start":{},"end":{}}]},"1":{"loc":{"start":{"line":43,"column":4},"end":{"line":46,"column":5}},"type":"if","locations":[{"start":{"line":43,"column":4},"end":{"line":46,"column":5}},{"start":{},"end":{}}]}},"s":{"0":0,"1":0,"2":0,"3":0,"4":0,"5":0,"6":0,"7":0,"8":0,"9":0,"10":0,"11":0,"12":0,"13":0,"14":0,"15":0,"16":0,"17":0,"18":0,"19":0,"20":0,"21":0},"f":{"0":0,"1":0},"b":{"0":[0,0],"1":[0,0]}}
,"D:\\Users\\User\\Desktop\\New folder\\projects_to_push\\gadget_hub\\services\\orderService.ts": {"path":"D:\\Users\\User\\Desktop\\New folder\\projects_to_push\\gadget_hub\\services\\orderService.ts","statementMap":{"0":{"start":{"line":1,"column":0},"end":{"line":1,"column":59}},"1":{"start":{"line":7,"column":25},"end":{"line":25,"column":1}},"2":{"start":{"line":8,"column":21},"end":{"line":8,"column":22}},"3":{"start":{"line":10,"column":2},"end":{"line":22,"column":5}},"4":{"start":{"line":12,"column":25},"end":{"line":12,"column":74}},"5":{"start":{"line":12,"column":41},"end":{"line":12,"column":73}},"6":{"start":{"line":13,"column":4},"end":{"line":13,"column":30}},"7":{"start":{"line":13,"column":23},"end":{"line":13,"column":30}},"8":{"start":{"line":17,"column":24},"end":{"line":17,"column":54}},"9":{"start":{"line":19,"column":4},"end":{"line":21,"column":5}},"10":{"start":{"line":20,"column":6},"end":{"line":20,"column":81}},"11":{"start":{"line":24,"column":2},"end":{"line":24,"column":22}},"12":{"start":{"line":30,"column":37},"end":{"line":49,"column":1}},"13":{"start":{"line":35,"column":2},"end":{"line":35,"column":49}},"14":{"start":{"line":37,"column":39},"end":{"line":40,"column":5}},"15":{"start":{"line":37,"column":58},"end":{"line":40,"column":4}},"16":{"start":{"line":42,"column":2},"end":{"line":42,"column":39}},"17":{"start":{"line":43,"column":21},"end":{"line":43,"column":52}},"18":{"start":{"line":45,"column":18},"end":{"line":45,"column":53}},"19":{"start":{"line":47,"column":2},"end":{"line":47,"column":76}},"20":{"start":{"line":48,"column":2},"end":{"line":48,"column":41}},"21":{"start":{"line":30,"column":13},"end":{"line":30,"column":37}},"22":{"start":{"line":54,"column":37},"end":{"line":88,"column":1}},"23":{"start":{"line":60,"column":2},"end":{"line":60,"column":36}},"24":{"start":{"line":62,"column":39},"end":{"line":65,"column":5}},"25":{"start":{"line":62,"column":58},"end":{"line":65,"column":4}},"26":{"start":{"line":67,"column":16},"end":{"line":67,"column":42}},"27":{"start":{"line":70,"column":42},"end":{"line":79,"column":4}},"28":{"start":{"line":71,"column":21},"end":{"line":71,"column":72}},"29":{"start":{"line":71,"column":37},"end":{"line":71,"column":71}},"30":{"start":{"line":72,"column":4},"end":{"line":78,"column":6}},"31":{"start":{"line":81,"column":28},"end":{"line":84,"column":4}},"32":{"start":{"line":86,"column":2},"end":{"line":86,"column":58}},"33":{"start":{"line":87,"column":2},"end":{"line":87,"column":20}},"34":{"start":{"line":54,"column":13},"end":{"line":54,"column":37}},"35":{"start":{"line":91,"column":36},"end":{"line":97,"column":1}},"36":{"start":{"line":95,"column":21},"end":{"line":95,"column":67}},"37":{"start":{"line":96,"column":2},"end":{"line":96,"column":64}},"38":{"start":{"line":91,"column":13},"end":{"line":91,"column":36}}},"fnMap":{"0":{"name":"(anonymous_0)","decl":{"start":{"line":7,"column":25},"end":{"line":7,"column":26}},"loc":{"start":{"line":7,"column":88},"end":{"line":25,"column":1}}},"1":{"name":"(anonymous_1)","decl":{"start":{"line":10,"column":17},"end":{"line":10,"column":22}},"loc":{"start":{"line":10,"column":25},"end":{"line":22,"column":3}}},"2":{"name":"(anonymous_2)","decl":{"start":{"line":12,"column":36},"end":{"line":12,"column":37}},"loc":{"start":{"line":12,"column":41},"end":{"line":12,"column":73}}},"3":{"name":"(anonymous_3)","decl":{"start":{"line":30,"column":37},"end":{"line":30,"column":42}},"loc":{"start":{"line":33,"column":66},"end":{"line":49,"column":1}}},"4":{"name":"(anonymous_4)","decl":{"start":{"line":37,"column":49},"end":{"line":37,"column":53}},"loc":{"start":{"line":37,"column":58},"end":{"line":40,"column":4}}},"5":{"name":"(anonymous_5)","decl":{"start":{"line":54,"column":37},"end":{"line":54,"column":42}},"loc":{"start":{"line":58,"column":20},"end":{"line":88,"column":1}}},"6":{"name":"(anonymous_6)","decl":{"start":{"line":62,"column":49},"end":{"line":62,"column":53}},"loc":{"start":{"line":62,"column":58},"end":{"line":65,"column":4}}},"7":{"name":"(anonymous_7)","decl":{"start":{"line":70,"column":58},"end":{"line":70,"column":59}},"loc":{"start":{"line":70,"column":75},"end":{"line":79,"column":3}}},"8":{"name":"(anonymous_8)","decl":{"start":{"line":71,"column":32},"end":{"line":71,"column":33}},"loc":{"start":{"line":71,"column":37},"end":{"line":71,"column":71}}},"9":{"name":"(anonymous_9)","decl":{"start":{"line":91,"column":36},"end":{"line":91,"column":41}},"loc":{"start":{"line":94,"column":20},"end":{"line":97,"column":1}}}},"branchMap":{"0":{"loc":{"start":{"line":13,"column":4},"end":{"line":13,"column":30}},"type":"if","locations":[{"start":{"line":13,"column":4},"end":{"line":13,"column":30}},{"start":{},"end":{}}]},"1":{"loc":{"start":{"line":19,"column":4},"end":{"line":21,"column":5}},"type":"if","locations":[{"start":{"line":19,"column":4},"end":{"line":21,"column":5}},{"start":{},"end":{}}]}},"s":{"0":0,"1":0,"2":0,"3":0,"4":0,"5":0,"6":0,"7":0,"8":0,"9":0,"10":0,"11":0,"12":0,"13":0,"14":0,"15":0,"16":0,"17":0,"18":0,"19":0,"20":0,"21":0,"22":0,"23":0,"24":0,"25":0,"26":0,"27":0,"28":0,"29":0,"30":0,"31":0,"32":0,"33":0,"34":0,"35":0,"36":0,"37":0,"38":0},"f":{"0":0,"1":0,"2":0,"3":0,"4":0,"5":0,"6":0,"7":0,"8":0,"9":0},"b":{"0":[0,0],"1":[0,0]}}
}
